GeospatialSample/Temp/gradleOut/unityLibrary/build/intermediates/manifest_merge_blame_file/release/manifest-merger-blame-release-report.txt
1<?xml version="1.0" encoding="utf-8"?>
2<manifest xmlns:android="http://schemas.android.com/apk/res/android"
3    xmlns:tools="http://schemas.android.com/tools"
4    package="com.unity3d.player"
5    android:versionCode="1"
6    android:versionName="0.1" >
7
8    <uses-sdk
9        android:minSdkVersion="24"
9-->src\main\AndroidManifest.xml
10        android:targetSdkVersion="30" />
10-->src\main\AndroidManifest.xml
11
12    <uses-feature android:glEsVersion="0x00030000" />
12-->src\main\AndroidManifest.xml:20:3-52
12-->src\main\AndroidManifest.xml:20:17-49
13
14    <uses-permission android:name="android.permission.INTERNET" />
14-->src\main\AndroidManifest.xml:21:3-65
14-->src\main\AndroidManifest.xml:21:20-62
15    <uses-permission android:name="android.permission.ACCESS_FINE_LOCATION" />
15-->src\main\AndroidManifest.xml:22:3-77
15-->src\main\AndroidManifest.xml:22:20-74
16
17    <uses-feature
17-->src\main\AndroidManifest.xml:23:3-88
18        android:name="android.hardware.location.gps"
18-->src\main\AndroidManifest.xml:23:17-61
19        android:required="True" />
19-->src\main\AndroidManifest.xml:23:62-85
20    <uses-feature
20-->src\main\AndroidManifest.xml:24:3-84
21        android:name="android.hardware.location"
21-->src\main\AndroidManifest.xml:24:17-57
22        android:required="True" />
22-->src\main\AndroidManifest.xml:24:58-81
23    <uses-feature
23-->src\main\AndroidManifest.xml:25:3-88
24        android:name="android.hardware.touchscreen"
24-->src\main\AndroidManifest.xml:25:17-60
25        android:required="false" />
25-->src\main\AndroidManifest.xml:25:61-85
26    <uses-feature
26-->src\main\AndroidManifest.xml:26:3-99
27        android:name="android.hardware.touchscreen.multitouch"
27-->src\main\AndroidManifest.xml:26:17-71
28        android:required="false" />
28-->src\main\AndroidManifest.xml:26:72-96
29    <uses-feature
29-->src\main\AndroidManifest.xml:27:3-108
30        android:name="android.hardware.touchscreen.multitouch.distinct"
30-->src\main\AndroidManifest.xml:27:17-80
31        android:required="false" />
31-->src\main\AndroidManifest.xml:27:81-105
32
33    <uses-permission
33-->src\main\AndroidManifest.xml:28:3-106
34        android:name="android.permission.ACCESS_COARSE_LOCATION"
34-->src\main\AndroidManifest.xml:28:20-76
35        android:minSdkVersion="31" />
35-->src\main\AndroidManifest.xml:28:77-103
36    <uses-permission android:name="android.permission.CAMERA" />
36-->src\main\AndroidManifest.xml:29:3-63
36-->src\main\AndroidManifest.xml:29:20-60
37
38    <uses-feature
38-->src\main\AndroidManifest.xml:30:3-85
39        android:name="android.hardware.camera.ar"
39-->src\main\AndroidManifest.xml:30:17-58
40        android:required="true" />
40-->src\main\AndroidManifest.xml:30:59-82
41    <uses-feature
41-->src\main\AndroidManifest.xml:31:3-83
42        android:name="com.google.ar.core.depth"
42-->src\main\AndroidManifest.xml:31:17-56
43        android:required="true" />
43-->src\main\AndroidManifest.xml:31:57-80
44
45    <application>
45-->src\main\AndroidManifest.xml:2:3-19:17
46        <activity
46-->src\main\AndroidManifest.xml:3:5-10:16
47            android:name="com.unity3d.player.UnityPlayerActivity"
47-->src\main\AndroidManifest.xml:3:15-68
48            android:configChanges="mcc|mnc|locale|touchscreen|keyboard|keyboardHidden|navigation|orientation|screenLayout|uiMode|screenSize|smallestScreenSize|fontScale|layoutDirection|density"
48-->src\main\AndroidManifest.xml:3:182-363
49            android:hardwareAccelerated="false"
49-->src\main\AndroidManifest.xml:3:399-434
50            android:launchMode="singleTask"
50-->src\main\AndroidManifest.xml:3:150-181
51            android:resizeableActivity="false"
51-->src\main\AndroidManifest.xml:3:364-398
52            android:screenOrientation="fullSensor"
52-->src\main\AndroidManifest.xml:3:111-149
53            android:theme="@style/UnityThemeSelector" >
53-->src\main\AndroidManifest.xml:3:69-110
54            <intent-filter>
54-->src\main\AndroidManifest.xml:4:7-7:23
55                <action android:name="android.intent.action.MAIN" />
55-->src\main\AndroidManifest.xml:5:9-61
55-->src\main\AndroidManifest.xml:5:17-58
56
57                <category android:name="android.intent.category.LAUNCHER" />
57-->src\main\AndroidManifest.xml:6:9-69
57-->src\main\AndroidManifest.xml:6:19-66
58            </intent-filter>
59
60            <meta-data
60-->src\main\AndroidManifest.xml:8:7-82
61                android:name="unityplayer.UnityActivity"
61-->src\main\AndroidManifest.xml:8:18-58
62                android:value="true" />
62-->src\main\AndroidManifest.xml:8:59-79
63            <meta-data
63-->src\main\AndroidManifest.xml:9:7-78
64                android:name="android.notch_support"
64-->src\main\AndroidManifest.xml:9:18-54
65                android:value="true" />
65-->src\main\AndroidManifest.xml:9:55-75
66        </activity>
67
68        <meta-data
68-->src\main\AndroidManifest.xml:11:5-69
69            android:name="unity.splash-mode"
69-->src\main\AndroidManifest.xml:11:16-48
70            android:value="0" />
70-->src\main\AndroidManifest.xml:11:49-66
71        <meta-data
71-->src\main\AndroidManifest.xml:12:5-74
72            android:name="unity.splash-enable"
72-->src\main\AndroidManifest.xml:12:16-50
73            android:value="True" />
73-->src\main\AndroidManifest.xml:12:51-71
74        <meta-data
74-->src\main\AndroidManifest.xml:13:5-84
75            android:name="unity.allow-resizable-window"
75-->src\main\AndroidManifest.xml:13:16-59
76            android:value="False" />
76-->src\main\AndroidManifest.xml:13:60-81
77        <meta-data
77-->src\main\AndroidManifest.xml:14:5-81
78            android:name="notch.config"
78-->src\main\AndroidManifest.xml:14:16-43
79            android:value="portrait|landscape" />
79-->src\main\AndroidManifest.xml:14:44-78
80        <meta-data
80-->src\main\AndroidManifest.xml:15:5-101
81            android:name="unity.build-id"
81-->src\main\AndroidManifest.xml:15:16-45
82            android:value="9aa3911a-31c9-4eb4-a1c6-6e28a66c29a1" />
82-->src\main\AndroidManifest.xml:15:46-98
83        <meta-data
83-->src\main\AndroidManifest.xml:16:5-119
84            android:name="com.google.android.ar.API_KEY"
84-->src\main\AndroidManifest.xml:16:16-60
85            android:value="AIzaSyBjgkzpPQIyalvGNwS30w4JACV7CECOpOc" />
85-->src\main\AndroidManifest.xml:16:61-116
86        <meta-data
86-->src\main\AndroidManifest.xml:17:5-88
87            android:name="unityplayer.SkipPermissionsDialog"
87-->src\main\AndroidManifest.xml:17:16-64
88            android:value="true" />
88-->src\main\AndroidManifest.xml:17:65-85
89        <meta-data
89-->src\main\AndroidManifest.xml:18:5-77
90            android:name="com.google.ar.core"
90-->src\main\AndroidManifest.xml:18:16-49
91            android:value="required" />
91-->src\main\AndroidManifest.xml:18:50-74
92    </application>
93
94</manifest>